ldsightclientfragment_zky/build/outputs/logs/manifest-merger-release-report.txt
-- Merging decision tree log ---
manifest
ADDED from src\main\AndroidManifest.xml:1:1-118:12
	package
		ADDED from src\main\AndroidManifest.xml:2:5-44
		INJECTED from src\main\AndroidManifest.xml
		INJECTED from src\main\AndroidManifest.xml
	android:versionName
		ADDED from src\main\AndroidManifest.xml:5:5-30
		INJECTED from src\main\AndroidManifest.xml
		INJECTED from src\main\AndroidManifest.xml
	android:versionCode
		ADDED from src\main\AndroidManifest.xml:4:5-28
		INJECTED from src\main\AndroidManifest.xml
		INJECTED from src\main\AndroidManifest.xml
	xmlns:android
		ADDED from src\main\AndroidManifest.xml:1:11-69
	android:installLocation
		ADDED from src\main\AndroidManifest.xml:3:5-35
uses-sdk
ADDED from src\main\AndroidManifest.xml:9:5-11:41
MERGED from [ldsightclient_jgd:ViewPagerIndicator_library:unspecified] AndroidManifest.xml:7:5-9:40
MERGED from [com.android.support:support-v4:20.0.0] AndroidManifest.xml:16:5-42
	android:targetSdkVersion
		ADDED from src\main\AndroidManifest.xml:11:9-38
		INJECTED from src\main\AndroidManifest.xml
		INJECTED from src\main\AndroidManifest.xml
	android:minSdkVersion
		ADDED from src\main\AndroidManifest.xml:10:9-35
		INJECTED from src\main\AndroidManifest.xml
		INJECTED from src\main\AndroidManifest.xml
application
ADDED from src\main\AndroidManifest.xml:13:5-98:19
MERGED from [com.android.support:support-v4:20.0.0] AndroidManifest.xml:17:5-19
	android:label
		ADDED from src\main\AndroidManifest.xml:17:9-41
	android:allowBackup
		ADDED from src\main\AndroidManifest.xml:15:9-35
	android:icon
		ADDED from src\main\AndroidManifest.xml:16:9-43
	android:theme
		ADDED from src\main\AndroidManifest.xml:18:9-41
	android:name
		ADDED from src\main\AndroidManifest.xml:14:9-61
meta-data#com.baidu.lbsapi.API_KEY
ADDED from src\main\AndroidManifest.xml:24:9-26:64
	android:value
		ADDED from src\main\AndroidManifest.xml:26:13-61
	android:name
		ADDED from src\main\AndroidManifest.xml:25:13-52
activity#com.ldsight.act.LoginAct
ADDED from src\main\AndroidManifest.xml:28:9-36:20
	android:screenOrientation
		ADDED from src\main\AndroidManifest.xml:30:13-49
	android:name
		ADDED from src\main\AndroidManifest.xml:29:13-52
intent-filter#android.intent.action.MAIN+android.intent.category.LAUNCHER
ADDED from src\main\AndroidManifest.xml:31:13-35:29
action#android.intent.action.MAIN
ADDED from src\main\AndroidManifest.xml:32:17-69
	android:name
		ADDED from src\main\AndroidManifest.xml:32:25-66
category#android.intent.category.LAUNCHER
ADDED from src\main\AndroidManifest.xml:34:17-77
	android:name
		ADDED from src\main\AndroidManifest.xml:34:27-74
activity#com.ldsight.act.MainAct
ADDED from src\main\AndroidManifest.xml:37:9-40:61
	android:screenOrientation
		ADDED from src\main\AndroidManifest.xml:40:13-49
	android:launchMode
		ADDED from src\main\AndroidManifest.xml:39:13-48
	android:name
		ADDED from src\main\AndroidManifest.xml:38:13-51
activity#com.ldsight.act.DeviceMainAct
ADDED from src\main\AndroidManifest.xml:41:9-43:61
	android:screenOrientation
		ADDED from src\main\AndroidManifest.xml:43:13-49
	android:name
		ADDED from src\main\AndroidManifest.xml:42:13-57
activity#com.ldsight.act.ParameterAct
ADDED from src\main\AndroidManifest.xml:44:9-47:61
	android:screenOrientation
		ADDED from src\main\AndroidManifest.xml:47:13-49
	android:launchMode
		ADDED from src\main\AndroidManifest.xml:46:13-43
	android:name
		ADDED from src\main\AndroidManifest.xml:45:13-56
activity#com.ldsight.act.AddDeviceAct
ADDED from src\main\AndroidManifest.xml:48:9-50:61
	android:screenOrientation
		ADDED from src\main\AndroidManifest.xml:50:13-49
	android:name
		ADDED from src\main\AndroidManifest.xml:49:13-56
activity#com.ldsight.act.DeviceParamAct
ADDED from src\main\AndroidManifest.xml:51:9-53:61
	android:screenOrientation
		ADDED from src\main\AndroidManifest.xml:53:13-49
	android:name
		ADDED from src\main\AndroidManifest.xml:52:13-58
activity#com.ldsight.act.AlertManageAct
ADDED from src\main\AndroidManifest.xml:54:9-56:61
	android:screenOrientation
		ADDED from src\main\AndroidManifest.xml:56:13-49
	android:name
		ADDED from src\main\AndroidManifest.xml:55:13-58
activity#com.ldsight.act.JurisdictionLoginAct
ADDED from src\main\AndroidManifest.xml:57:9-82
	android:name
		ADDED from src\main\AndroidManifest.xml:57:19-70
activity#com.ldsight.act.AddUserAct
ADDED from src\main\AndroidManifest.xml:58:9-72
	android:name
		ADDED from src\main\AndroidManifest.xml:58:19-60
activity#com.ldsight.act.UserInformationAct
ADDED from src\main\AndroidManifest.xml:59:9-80
	android:name
		ADDED from src\main\AndroidManifest.xml:59:19-68
activity#com.ldsight.act.TouristMainAct
ADDED from src\main\AndroidManifest.xml:60:9-76
	android:name
		ADDED from src\main\AndroidManifest.xml:60:19-64
activity#com.ldsight.act.AddElectricBox
ADDED from src\main\AndroidManifest.xml:61:9-76
	android:name
		ADDED from src\main\AndroidManifest.xml:61:19-64
activity#com.ldsight.act.BaiDuMapAct
ADDED from src\main\AndroidManifest.xml:62:9-73
	android:name
		ADDED from src\main\AndroidManifest.xml:62:19-61
activity#com.ldsight.act.SingleLightControlAct
ADDED from src\main\AndroidManifest.xml:63:9-83
	android:name
		ADDED from src\main\AndroidManifest.xml:63:19-71
activity#com.ldsight.act.CheckoutActivity
ADDED from src\main\AndroidManifest.xml:64:9-78
	android:name
		ADDED from src\main\AndroidManifest.xml:64:19-66
activity#com.ldsight.act.SingleLightAct
ADDED from src\main\AndroidManifest.xml:65:9-76
	android:name
		ADDED from src\main\AndroidManifest.xml:65:19-64
activity#com.ldsight.act.AlarmRecordAct
ADDED from src\main\AndroidManifest.xml:66:9-76
	android:name
		ADDED from src\main\AndroidManifest.xml:66:19-64
activity#com.ldsight.act.WarningInformationAct
ADDED from src\main\AndroidManifest.xml:67:9-83
	android:name
		ADDED from src\main\AndroidManifest.xml:67:19-71
activity#com.ldsight.act.SingleLightDialogItemAct
ADDED from src\main\AndroidManifest.xml:68:9-70:68
	android:theme
		ADDED from src\main\AndroidManifest.xml:70:13-56
	android:name
		ADDED from src\main\AndroidManifest.xml:69:13-68
activity#com.ldsight.act.ElectricBoxInformationDialog
ADDED from src\main\AndroidManifest.xml:71:9-73:68
	android:theme
		ADDED from src\main\AndroidManifest.xml:73:13-56
	android:name
		ADDED from src\main\AndroidManifest.xml:72:13-72
activity#com.ldsight.act.BrightenMainListDialogItemAct
ADDED from src\main\AndroidManifest.xml:74:9-76:68
	android:theme
		ADDED from src\main\AndroidManifest.xml:76:13-56
	android:name
		ADDED from src\main\AndroidManifest.xml:75:13-73
activity#com.ldsight.act.DeviceTiming
ADDED from src\main\AndroidManifest.xml:78:9-65
	android:name
		ADDED from src\main\AndroidManifest.xml:78:19-62
activity#com.ldsight.act.CatalogAct
ADDED from src\main\AndroidManifest.xml:79:9-63
	android:name
		ADDED from src\main\AndroidManifest.xml:79:19-60
activity#com.ldsight.act.BrightenMain
ADDED from src\main\AndroidManifest.xml:80:9-65
	android:name
		ADDED from src\main\AndroidManifest.xml:80:19-62
activity#com.ldsight.act.BrightenTiming
ADDED from src\main\AndroidManifest.xml:81:9-67
	android:name
		ADDED from src\main\AndroidManifest.xml:81:19-64
activity#com.ldsight.act.SingleLightSettingAct
ADDED from src\main\AndroidManifest.xml:82:9-74
	android:name
		ADDED from src\main\AndroidManifest.xml:82:19-71
activity#com.ldsight.act.MonitorMainAct
ADDED from src\main\AndroidManifest.xml:83:9-85:63
	android:theme
		ADDED from src\main\AndroidManifest.xml:85:13-60
	android:name
		ADDED from src\main\AndroidManifest.xml:84:13-58
service#com.ldsight.service.OnlineService
ADDED from src\main\AndroidManifest.xml:88:9-77
	android:name
		ADDED from src\main\AndroidManifest.xml:88:18-66
service#com.ldsight.service.UpdateService
ADDED from src\main\AndroidManifest.xml:89:9-77
	android:name
		ADDED from src\main\AndroidManifest.xml:89:18-66
service#com.ldsight.service.ZkyOnlineService
ADDED from src\main\AndroidManifest.xml:90:9-80
	android:name
		ADDED from src\main\AndroidManifest.xml:90:18-69
service#tvonvif.finder.CameraService
ADDED from src\main\AndroidManifest.xml:91:9-72
	android:name
		ADDED from src\main\AndroidManifest.xml:91:18-61
receiver#com.ldsight.service.UpdateService$onclickCancelListener
ADDED from src\main\AndroidManifest.xml:93:9-97:20
	android:name
		ADDED from src\main\AndroidManifest.xml:93:19-89
intent-filter#action_cancel_download_apk
ADDED from src\main\AndroidManifest.xml:94:13-96:29
	android:priority
		ADDED from src\main\AndroidManifest.xml:94:28-50
action#action_cancel_download_apk
ADDED from src\main\AndroidManifest.xml:95:17-76
	android:name
		ADDED from src\main\AndroidManifest.xml:95:25-66
uses-permission#android.permission.GET_ACCOUNTS
ADDED from src\main\AndroidManifest.xml:100:5-71
	android:name
		ADDED from src\main\AndroidManifest.xml:100:22-68
uses-permission#android.permission.USE_CREDENTIALS
ADDED from src\main\AndroidManifest.xml:101:5-74
	android:name
		ADDED from src\main\AndroidManifest.xml:101:22-71
uses-permission#android.permission.MANAGE_ACCOUNTS
ADDED from src\main\AndroidManifest.xml:102:5-74
	android:name
		ADDED from src\main\AndroidManifest.xml:102:22-71
uses-permission#android.permission.AUTHENTICATE_ACCOUNTS
ADDED from src\main\AndroidManifest.xml:103:5-80
	android:name
		ADDED from src\main\AndroidManifest.xml:103:22-77
uses-permission#android.permission.INTERNET
ADDED from src\main\AndroidManifest.xml:104:5-67
	android:name
		ADDED from src\main\AndroidManifest.xml:104:22-64
uses-permission#com.android.launcher.permission.READ_SETTINGS
ADDED from src\main\AndroidManifest.xml:105:5-85
	android:name
		ADDED from src\main\AndroidManifest.xml:105:22-82
uses-permission#android.permission.CHANGE_WIFI_STATE
ADDED from src\main\AndroidManifest.xml:106:5-76
	android:name
		ADDED from src\main\AndroidManifest.xml:106:22-73
uses-permission#android.permission.ACCESS_WIFI_STATE
ADDED from src\main\AndroidManifest.xml:107:5-76
	android:name
		ADDED from src\main\AndroidManifest.xml:107:22-73
uses-permission#android.permission.READ_PHONE_STATE
ADDED from src\main\AndroidManifest.xml:108:5-75
	android:name
		ADDED from src\main\AndroidManifest.xml:108:22-72
uses-permission#android.permission.BROADCAST_STICKY
ADDED from src\main\AndroidManifest.xml:109:5-75
	android:name
		ADDED from src\main\AndroidManifest.xml:109:22-72
uses-permission#android.permission.WRITE_SETTINGS
ADDED from src\main\AndroidManifest.xml:110:5-73
	android:name
		ADDED from src\main\AndroidManifest.xml:110:22-70
uses-permission#android.permission.CAMERA
ADDED from src\main\AndroidManifest.xml:111:5-65
	android:name
		ADDED from src\main\AndroidManifest.xml:111:22-62
uses-permission#android.permission.ACCESS_NETWORK_STATE
ADDED from src\main\AndroidManifest.xml:112:5-79
	android:name
		ADDED from src\main\AndroidManifest.xml:112:22-76
uses-permission#android.permission.WRITE_EXTERNAL_STORAGE
ADDED from src\main\AndroidManifest.xml:114:5-81
	android:name
		ADDED from src\main\AndroidManifest.xml:114:22-78
uses-permission#android.permission.MOUNT_UNMOUNT_FILESYSTEMS
ADDED from src\main\AndroidManifest.xml:115:5-84
	android:name
		ADDED from src\main\AndroidManifest.xml:115:22-81